<?xml version="1.0" encoding="UTF-8"?>
<!-- Generated by org.testng.reporters.JUnitReportReporter -->
<testsuite hostname="LAPTOP-E1SIFGJG" failures="0" tests="8" name="homeWorkSelenium.HW_16_03172021" time="17.536" errors="0" timestamp="2022-03-29T23:05:15 EDT" skipped="5">
  <testcase classname="homeWorkSelenium.HW_16_03172021" name="titleTest" time="0.040"/>
  <system-out/>
  <testcase classname="homeWorkSelenium.HW_16_03172021" name="getTextTest" time="0.035"/>
  <system-out/>
  <testcase classname="homeWorkSelenium.HW_16_03172021" name="userIdTest" time="17.461"/>
  <system-out/>
  <testcase classname="homeWorkSelenium.HW_16_03172021" name="checkBoxEnabledTest01">
    <skipped/>
  </testcase> <!-- checkBoxEnabledTest01 -->
  <system-out/>
  <testcase classname="homeWorkSelenium.HW_16_03172021" name="loginButtonTest">
    <skipped/>
  </testcase> <!-- loginButtonTest -->
  <system-out/>
  <testcase classname="homeWorkSelenium.HW_16_03172021" name="currentURLTest">
    <skipped/>
  </testcase> <!-- currentURLTest -->
  <system-out/>
  <testcase classname="homeWorkSelenium.HW_16_03172021" name="getAttributeTest">
    <skipped/>
  </testcase> <!-- getAttributeTest -->
  <system-out/>
  <testcase classname="homeWorkSelenium.HW_16_03172021" name="logoTest">
    <skipped/>
  </testcase> <!-- logoTest -->
  <system-out/>
</testsuite> <!-- homeWorkSelenium.HW_16_03172021 -->
