<?xml version="1.0" encoding="UTF-8"?>
<!-- Generated by org.testng.reporters.JUnitReportReporter -->
<testsuite hostname="LAPTOP-E1SIFGJG" failures="0" tests="1" name="Java_selenium_practice01.SeleniumThree3" time="5.997" errors="0" timestamp="2022-03-23T21:15:13 EDT" skipped="0">
  <testcase classname="Java_selenium_practice01.SeleniumThree3" name="registrationButtonTest" time="5.997"/>
  <system-out/>
</testsuite> <!-- Java_selenium_practice01.SeleniumThree3 -->
