<?xml version="1.0" encoding="UTF-8"?>
<!-- Generated by org.testng.reporters.JUnitReportReporter -->
<testsuite hostname="LAPTOP-E1SIFGJG" failures="0" tests="1" name="Java_selenium_practice01.SeleniumOne2" time="5.711" errors="0" timestamp="2022-03-20T00:24:29 EDT" skipped="0">
  <testcase classname="Java_selenium_practice01.SeleniumOne2" name="loginButtonTest" time="5.711"/>
  <system-out/>
</testsuite> <!-- Java_selenium_practice01.SeleniumOne2 -->
