<?xml version="1.0" encoding="UTF-8"?>
<!-- Generated by org.testng.reporters.JUnitReportReporter -->
<testsuite hostname="LAPTOP-E1SIFGJG" failures="0" tests="1" name="Java_selenium_practice01.SeleniumOne5" time="5.062" errors="0" timestamp="2022-03-20T09:10:41 EDT" skipped="0">
  <testcase classname="Java_selenium_practice01.SeleniumOne5" name="loginButtonTest" time="5.062"/>
  <system-out/>
</testsuite> <!-- Java_selenium_practice01.SeleniumOne5 -->
