<?xml version="1.0" encoding="UTF-8"?>
<!-- Generated by org.testng.reporters.JUnitReportReporter -->
<testsuite hostname="LAPTOP-E1SIFGJG" failures="0" tests="1" name="lec32_java_selenium_methods.A02_use_of_get_by_testNG" time="1.272" errors="0" timestamp="2022-03-19T00:28:34 EDT" skipped="0">
  <testcase classname="lec32_java_selenium_methods.A02_use_of_get_by_testNG" name="urlTest" time="1.272"/>
  <system-out/>
</testsuite> <!-- lec32_java_selenium_methods.A02_use_of_get_by_testNG -->
