<?xml version="1.0" encoding="UTF-8"?>
<!-- Generated by org.testng.reporters.JUnitReportReporter -->
<testsuite hostname="LAPTOP-E1SIFGJG" failures="0" tests="1" name="Java_selenium.SeleniumHomeWork" time="7.247" errors="0" timestamp="2022-03-19T23:43:56 EDT" skipped="0">
  <testcase classname="Java_selenium.SeleniumHomeWork" name="loguTest" time="7.247"/>
  <system-out/>
</testsuite> <!-- Java_selenium.SeleniumHomeWork -->
