<?xml version="1.0" encoding="UTF-8"?>
<!-- Generated by org.testng.reporters.JUnitReportReporter -->
<testsuite hostname="LAPTOP-E1SIFGJG" failures="0" tests="1" name="Java_selenium_practice01.SeleniumOne4" time="7.075" errors="0" timestamp="2022-03-20T00:52:24 EDT" skipped="0">
  <testcase classname="Java_selenium_practice01.SeleniumOne4" name="loginButtonTest" time="7.075"/>
  <system-out/>
</testsuite> <!-- Java_selenium_practice01.SeleniumOne4 -->
