<?xml version="1.0" encoding="UTF-8"?>
<!-- Generated by org.testng.reporters.JUnitReportReporter -->
<testsuite hostname="LAPTOP-E1SIFGJG" failures="0" tests="1" name="Java_selenium_practice01.SeleniumOne3" time="6.031" errors="0" timestamp="2022-03-20T00:38:06 EDT" skipped="0">
  <testcase classname="Java_selenium_practice01.SeleniumOne3" name="loginButtonTest" time="6.031"/>
  <system-out/>
</testsuite> <!-- Java_selenium_practice01.SeleniumOne3 -->
